1>------ Build started: Project: Zadanieeee, Configuration: Debug Win32 ------
1>Build started 02.10.2020 15:39:08.
1>InitializeBuildStatus:
1>  Touching "Debug\Zadanieeee.unsuccessfulbuild".
1>GenerateTargetFrameworkMonikerAttribute:
1>Skipping target "GenerateTargetFrameworkMonikerAttribute" because all output files are up-to-date with respect to the input files.
1>ClCompile:
1>  All outputs are up-to-date.
1>  Zadanieeee.cpp
1>Zadanieeee.cpp(2): warning C4627: '#include <iostream>': skipped when looking for precompiled header use
1>          Add directive to 'StdAfx.h' or rebuild precompiled header
1>Zadanieeee.cpp(3): warning C4627: '#include <algorithm>': skipped when looking for precompiled header use
1>          Add directive to 'StdAfx.h' or rebuild precompiled header
1>Zadanieeee.cpp(4): warning C4627: '#include <time.h>': skipped when looking for precompiled header use
1>          Add directive to 'StdAfx.h' or rebuild precompiled header
1>Zadanieeee.cpp(5): warning C4627: '#include <stdlib.h>': skipped when looking for precompiled header use
1>          Add directive to 'StdAfx.h' or rebuild precompiled header
1>Zadanieeee.cpp(6): warning C4627: '#include <fstream>': skipped when looking for precompiled header use
1>          Add directive to 'StdAfx.h' or rebuild precompiled header
1>Zadanieeee.cpp(85): fatal error C1010: unexpected end of file while looking for precompiled header. Did you forget to add '#include "StdAfx.h"' to your source?
1>
1>Build FAILED.
1>
1>Time Elapsed 00:00:00.45
========== Build: 0 succeeded, 1 failed, 0 up-to-date, 0 skipped ==========
